# JRE version: OpenJDK Runtime Environment JBR-17.0.14+1-1367.22-nomod (17.0.14+1) (build 17.0.14+1-b1367.22)
# Java VM: OpenJDK 64-Bit Server VM JBR-17.0.14+1-1367.22-nomod (17.0.14+1-b1367.22, mixed mode, sharing, tiered, compressed oops, compressed class ptrs, g1 gc, windows-amd64)
GC Precious Log:
 CPUs: 12 total, 12 available
 Memory: 24260M
 Large Page Support: Disabled
 NUMA Support: Disabled
 Compressed Oops: Enabled (Zero based)
 Heap Region Size: 4M
 Heap Min Capacity: 8M
 Heap Initial Capacity: 380M
 Heap Max Capacity: 6068M
 Pre-touch: Disabled
 Parallel Workers: 10
 Concurrent Workers: 3
 Concurrent Refinement Workers: 10
 Periodic GC: Disabled
Heap:
 garbage-first heap   total 389120K, used 86143K [0x0000000684c00000, 0x0000000800000000)
  region size 4096K, 22 young (90112K), 2 survivors (8192K)
 Metaspace       used 19633K, committed 19968K, reserved 1114112K
  class space    used 2426K, committed 2624K, reserved 1048576K
GC Heap History (6 events):
Event: 0.313 GC heap before
{Heap before GC invocations=0 (full 0):
 garbage-first heap   total 389120K, used 20480K [0x0000000684c00000, 0x0000000800000000)
  region size 4096K, 5 young (20480K), 0 survivors (0K)
 Metaspace       used 5546K, committed 5696K, reserved 1114112K
  class space    used 689K, committed 768K, reserved 1048576K
}
Event: 0.317 GC heap after
{Heap after GC invocations=1 (full 0):
 garbage-first heap   total 389120K, used 3634K [0x0000000684c00000, 0x0000000800000000)
  region size 4096K, 1 young (4096K), 1 survivors (4096K)
 Metaspace       used 5546K, committed 5696K, reserved 1114112K
  class space    used 689K, committed 768K, reserved 1048576K
}
Event: 0.516 GC heap before
{Heap before GC invocations=1 (full 0):
 garbage-first heap   total 389120K, used 24114K [0x0000000684c00000, 0x0000000800000000)
  region size 4096K, 6 young (24576K), 1 survivors (4096K)
 Metaspace       used 7211K, committed 7360K, reserved 1114112K
  class space    used 896K, committed 960K, reserved 1048576K
}
Event: 0.519 GC heap after
{Heap after GC invocations=2 (full 0):
 garbage-first heap   total 389120K, used 4382K [0x0000000684c00000, 0x0000000800000000)
  region size 4096K, 1 young (4096K), 1 survivors (4096K)
 Metaspace       used 7211K, committed 7360K, reserved 1114112K
  class space    used 896K, committed 960K, reserved 1048576K
}
Event: 1.284 GC heap before
{Heap before GC invocations=2 (full 0):
 garbage-first heap   total 389120K, used 61726K [0x0000000684c00000, 0x0000000800000000)
  region size 4096K, 15 young (61440K), 1 survivors (4096K)
 Metaspace       used 15989K, committed 16192K, reserved 1114112K
  class space    used 2014K, committed 2112K, reserved 1048576K
}
Event: 1.289 GC heap after
{Heap after GC invocations=3 (full 0):
 garbage-first heap   total 389120K, used 8319K [0x0000000684c00000, 0x0000000800000000)
  region size 4096K, 2 young (8192K), 2 survivors (8192K)
 Metaspace       used 15989K, committed 16192K, reserved 1114112K
  class space    used 2014K, committed 2112K, reserved 1048576K
}

